[0.285s] Invoking command in '/home/rickyrc-desktop/cs460/proj_final/webots_ros2_homework1_python': PYTHONPATH=/home/rickyrc-desktop/cs460/proj_final/webots_ros2_homework1_python/build/webots_ros2_homework1_python/prefix_override:/usr/lib/python3/dist-packages/colcon_core/task/python/colcon_distutils_commands:/home/rickyrc-desktop/cs460/proj_final/webots_ros2_homework1_python/install/webots_ros2_homework1_python/lib/python3.10/site-packages: /usr/bin/python3 -W ignore:setup.py install is deprecated setup.py egg_info --egg-base build/webots_ros2_homework1_python build --build-base /home/rickyrc-desktop/cs460/proj_final/webots_ros2_homework1_python/build/webots_ros2_homework1_python/build install --record /home/rickyrc-desktop/cs460/proj_final/webots_ros2_homework1_python/build/webots_ros2_homework1_python/install.log --single-version-externally-managed install_data
[0.365s] running egg_info
[0.365s] creating build/webots_ros2_homework1_python/webots_ros2_homework1_python.egg-info
[0.365s] writing build/webots_ros2_homework1_python/webots_ros2_homework1_python.egg-info/PKG-INFO
[0.365s] writing dependency_links to build/webots_ros2_homework1_python/webots_ros2_homework1_python.egg-info/dependency_links.txt
[0.365s] writing entry points to build/webots_ros2_homework1_python/webots_ros2_homework1_python.egg-info/entry_points.txt
[0.365s] writing requirements to build/webots_ros2_homework1_python/webots_ros2_homework1_python.egg-info/requires.txt
[0.365s] writing top-level names to build/webots_ros2_homework1_python/webots_ros2_homework1_python.egg-info/top_level.txt
[0.365s] writing manifest file 'build/webots_ros2_homework1_python/webots_ros2_homework1_python.egg-info/SOURCES.txt'
[0.366s] reading manifest file 'build/webots_ros2_homework1_python/webots_ros2_homework1_python.egg-info/SOURCES.txt'
[0.366s] writing manifest file 'build/webots_ros2_homework1_python/webots_ros2_homework1_python.egg-info/SOURCES.txt'
[0.366s] running build
[0.366s] running build_py
[0.367s] creating /home/rickyrc-desktop/cs460/proj_final/webots_ros2_homework1_python/build/webots_ros2_homework1_python/build
[0.367s] creating /home/rickyrc-desktop/cs460/proj_final/webots_ros2_homework1_python/build/webots_ros2_homework1_python/build/lib
[0.367s] creating /home/rickyrc-desktop/cs460/proj_final/webots_ros2_homework1_python/build/webots_ros2_homework1_python/build/lib/webots_ros2_homework1_python
[0.367s] copying webots_ros2_homework1_python/__init__.py -> /home/rickyrc-desktop/cs460/proj_final/webots_ros2_homework1_python/build/webots_ros2_homework1_python/build/lib/webots_ros2_homework1_python
[0.367s] copying webots_ros2_homework1_python/webots_ros2_homework1_python.py -> /home/rickyrc-desktop/cs460/proj_final/webots_ros2_homework1_python/build/webots_ros2_homework1_python/build/lib/webots_ros2_homework1_python
[0.367s] running install
[0.367s] running install_lib
[0.367s] creating /home/rickyrc-desktop/cs460/proj_final/webots_ros2_homework1_python/install/webots_ros2_homework1_python/lib/python3.10/site-packages/webots_ros2_homework1_python
[0.367s] copying /home/rickyrc-desktop/cs460/proj_final/webots_ros2_homework1_python/build/webots_ros2_homework1_python/build/lib/webots_ros2_homework1_python/__init__.py -> /home/rickyrc-desktop/cs460/proj_final/webots_ros2_homework1_python/install/webots_ros2_homework1_python/lib/python3.10/site-packages/webots_ros2_homework1_python
[0.367s] copying /home/rickyrc-desktop/cs460/proj_final/webots_ros2_homework1_python/build/webots_ros2_homework1_python/build/lib/webots_ros2_homework1_python/webots_ros2_homework1_python.py -> /home/rickyrc-desktop/cs460/proj_final/webots_ros2_homework1_python/install/webots_ros2_homework1_python/lib/python3.10/site-packages/webots_ros2_homework1_python
[0.368s] byte-compiling /home/rickyrc-desktop/cs460/proj_final/webots_ros2_homework1_python/install/webots_ros2_homework1_python/lib/python3.10/site-packages/webots_ros2_homework1_python/__init__.py to __init__.cpython-310.pyc
[0.368s] byte-compiling /home/rickyrc-desktop/cs460/proj_final/webots_ros2_homework1_python/install/webots_ros2_homework1_python/lib/python3.10/site-packages/webots_ros2_homework1_python/webots_ros2_homework1_python.py to webots_ros2_homework1_python.cpython-310.pyc
[0.368s] running install_data
[0.368s] creating /home/rickyrc-desktop/cs460/proj_final/webots_ros2_homework1_python/install/webots_ros2_homework1_python/share/ament_index
[0.368s] creating /home/rickyrc-desktop/cs460/proj_final/webots_ros2_homework1_python/install/webots_ros2_homework1_python/share/ament_index/resource_index
[0.368s] creating /home/rickyrc-desktop/cs460/proj_final/webots_ros2_homework1_python/install/webots_ros2_homework1_python/share/ament_index/resource_index/packages
[0.368s] copying resource/webots_ros2_homework1_python -> /home/rickyrc-desktop/cs460/proj_final/webots_ros2_homework1_python/install/webots_ros2_homework1_python/share/ament_index/resource_index/packages
[0.369s] creating /home/rickyrc-desktop/cs460/proj_final/webots_ros2_homework1_python/install/webots_ros2_homework1_python/share/webots_ros2_homework1_python/launch
[0.369s] copying launch/f23_robotics_1_launch.py -> /home/rickyrc-desktop/cs460/proj_final/webots_ros2_homework1_python/install/webots_ros2_homework1_python/share/webots_ros2_homework1_python/launch
[0.369s] creating /home/rickyrc-desktop/cs460/proj_final/webots_ros2_homework1_python/install/webots_ros2_homework1_python/share/webots_ros2_homework1_python/worlds
[0.369s] copying worlds/f23_robotics_1.wbt -> /home/rickyrc-desktop/cs460/proj_final/webots_ros2_homework1_python/install/webots_ros2_homework1_python/share/webots_ros2_homework1_python/worlds
[0.369s] copying package.xml -> /home/rickyrc-desktop/cs460/proj_final/webots_ros2_homework1_python/install/webots_ros2_homework1_python/share/webots_ros2_homework1_python
[0.369s] creating /home/rickyrc-desktop/cs460/proj_final/webots_ros2_homework1_python/install/webots_ros2_homework1_python/share/webots_ros2_homework1_python/resource
[0.369s] copying resource/turtlebot_webots.urdf -> /home/rickyrc-desktop/cs460/proj_final/webots_ros2_homework1_python/install/webots_ros2_homework1_python/share/webots_ros2_homework1_python/resource
[0.369s] copying resource/ros2control.yml -> /home/rickyrc-desktop/cs460/proj_final/webots_ros2_homework1_python/install/webots_ros2_homework1_python/share/webots_ros2_homework1_python/resource
[0.369s] running install_egg_info
[0.370s] Copying build/webots_ros2_homework1_python/webots_ros2_homework1_python.egg-info to /home/rickyrc-desktop/cs460/proj_final/webots_ros2_homework1_python/install/webots_ros2_homework1_python/lib/python3.10/site-packages/webots_ros2_homework1_python-0.0.0-py3.10.egg-info
[0.370s] running install_scripts
[0.379s] Installing webots_ros2_homework1_python script to /home/rickyrc-desktop/cs460/proj_final/webots_ros2_homework1_python/install/webots_ros2_homework1_python/lib/webots_ros2_homework1_python
[0.379s] writing list of installed files to '/home/rickyrc-desktop/cs460/proj_final/webots_ros2_homework1_python/build/webots_ros2_homework1_python/install.log'
[0.388s] Invoked command in '/home/rickyrc-desktop/cs460/proj_final/webots_ros2_homework1_python' returned '0': PYTHONPATH=/home/rickyrc-desktop/cs460/proj_final/webots_ros2_homework1_python/build/webots_ros2_homework1_python/prefix_override:/usr/lib/python3/dist-packages/colcon_core/task/python/colcon_distutils_commands:/home/rickyrc-desktop/cs460/proj_final/webots_ros2_homework1_python/install/webots_ros2_homework1_python/lib/python3.10/site-packages: /usr/bin/python3 -W ignore:setup.py install is deprecated setup.py egg_info --egg-base build/webots_ros2_homework1_python build --build-base /home/rickyrc-desktop/cs460/proj_final/webots_ros2_homework1_python/build/webots_ros2_homework1_python/build install --record /home/rickyrc-desktop/cs460/proj_final/webots_ros2_homework1_python/build/webots_ros2_homework1_python/install.log --single-version-externally-managed install_data
