[0.260s] Invoking command in '/home/rickyrc-desktop/cs460/proj_final/webots_ros2_homework1_python': PYTHONPATH=/home/rickyrc-desktop/cs460/proj_final/webots_ros2_homework1_python/build/webots_ros2_homework1_python/prefix_override:/usr/lib/python3/dist-packages/colcon_core/task/python/colcon_distutils_commands:/home/rickyrc-desktop/cs460/proj_final/webots_ros2_homework1_python/install/webots_ros2_homework1_python/lib/python3.10/site-packages:${PYTHONPATH} /usr/bin/python3 -W ignore:setup.py install is deprecated setup.py egg_info --egg-base build/webots_ros2_homework1_python build --build-base /home/rickyrc-desktop/cs460/proj_final/webots_ros2_homework1_python/build/webots_ros2_homework1_python/build install --record /home/rickyrc-desktop/cs460/proj_final/webots_ros2_homework1_python/build/webots_ros2_homework1_python/install.log --single-version-externally-managed install_data
[0.358s] running egg_info
[0.358s] writing build/webots_ros2_homework1_python/webots_ros2_homework1_python.egg-info/PKG-INFO
[0.358s] writing dependency_links to build/webots_ros2_homework1_python/webots_ros2_homework1_python.egg-info/dependency_links.txt
[0.358s] writing entry points to build/webots_ros2_homework1_python/webots_ros2_homework1_python.egg-info/entry_points.txt
[0.358s] writing requirements to build/webots_ros2_homework1_python/webots_ros2_homework1_python.egg-info/requires.txt
[0.358s] writing top-level names to build/webots_ros2_homework1_python/webots_ros2_homework1_python.egg-info/top_level.txt
[0.359s] reading manifest file 'build/webots_ros2_homework1_python/webots_ros2_homework1_python.egg-info/SOURCES.txt'
[0.360s] writing manifest file 'build/webots_ros2_homework1_python/webots_ros2_homework1_python.egg-info/SOURCES.txt'
[0.360s] running build
[0.360s] running build_py
[0.360s] running install
[0.360s] running install_lib
[0.360s] running install_data
[0.361s] running install_egg_info
[0.362s] removing '/home/rickyrc-desktop/cs460/proj_final/webots_ros2_homework1_python/install/webots_ros2_homework1_python/lib/python3.10/site-packages/webots_ros2_homework1_python-0.0.0-py3.10.egg-info' (and everything under it)
[0.362s] Copying build/webots_ros2_homework1_python/webots_ros2_homework1_python.egg-info to /home/rickyrc-desktop/cs460/proj_final/webots_ros2_homework1_python/install/webots_ros2_homework1_python/lib/python3.10/site-packages/webots_ros2_homework1_python-0.0.0-py3.10.egg-info
[0.362s] running install_scripts
[0.371s] Installing webots_ros2_homework1_python script to /home/rickyrc-desktop/cs460/proj_final/webots_ros2_homework1_python/install/webots_ros2_homework1_python/lib/webots_ros2_homework1_python
[0.371s] writing list of installed files to '/home/rickyrc-desktop/cs460/proj_final/webots_ros2_homework1_python/build/webots_ros2_homework1_python/install.log'
[0.381s] Invoked command in '/home/rickyrc-desktop/cs460/proj_final/webots_ros2_homework1_python' returned '0': PYTHONPATH=/home/rickyrc-desktop/cs460/proj_final/webots_ros2_homework1_python/build/webots_ros2_homework1_python/prefix_override:/usr/lib/python3/dist-packages/colcon_core/task/python/colcon_distutils_commands:/home/rickyrc-desktop/cs460/proj_final/webots_ros2_homework1_python/install/webots_ros2_homework1_python/lib/python3.10/site-packages:${PYTHONPATH} /usr/bin/python3 -W ignore:setup.py install is deprecated setup.py egg_info --egg-base build/webots_ros2_homework1_python build --build-base /home/rickyrc-desktop/cs460/proj_final/webots_ros2_homework1_python/build/webots_ros2_homework1_python/build install --record /home/rickyrc-desktop/cs460/proj_final/webots_ros2_homework1_python/build/webots_ros2_homework1_python/install.log --single-version-externally-managed install_data
